[2020-08-29 19:12:53] production.ERROR: ErrorException: Invalid characters passed for attempted conversion, these have been ignored in C:\sistema\Exemplos\Sistema-Clinico\vendor\nikic\php-parser\lib\PhpParser\Node\Scalar\String_.php:103
Stack trace:
#0 [internal function]: Illuminate\Foundation\Bootstrap\HandleExceptions->handleError(8192, 'Invalid charact...', 'C:\\sistema\\Exem...', 103, Array)
#1 C:\sistema\Exemplos\Sistema-Clinico\vendor\nikic\php-parser\lib\PhpParser\Node\Scalar\String_.php(103): hexdec('xC2')
#2 [internal function]: PhpParser\Node\Scalar\String_::PhpParser\Node\Scalar\{closure}(Array)
#3 C:\sistema\Exemplos\Sistema-Clinico\vendor\nikic\php-parser\lib\PhpParser\Node\Scalar\String_.php(96): preg_replace_callback('~\\\\([\\\\$nrtfve]...', Object(Closure), '\\xC2\\xA0')
#4 C:\sistema\Exemplos\Sistema-Clinico\vendor\nikic\php-parser\lib\PhpParser\Node\Scalar\String_.php(69): PhpParser\Node\Scalar\String_::parseEscapeSequences('\\xC2\\xA0', '"', true)
#5 C:\sistema\Exemplos\Sistema-Clinico\vendor\nikic\php-parser\lib\PhpParser\Parser\Php7.php(2381): PhpParser\Node\Scalar\String_::parse('"\\xC2\\xA0"')
#6 C:\sistema\Exemplos\Sistema-Clinico\vendor\nikic\php-parser\lib\PhpParser\ParserAbstract.php(247): PhpParser\Parser\Php7->reduceRule395()
#7 C:\sistema\Exemplos\Sistema-Clinico\vendor\nikic\php-parser\lib\PhpParser\Parser\Multiple.php(58): PhpParser\ParserAbstract->parse('<?php\n namespac...')
#8 C:\sistema\Exemplos\Sistema-Clinico\vendor\nikic\php-parser\lib\PhpParser\Parser\Multiple.php(29): PhpParser\Parser\Multiple->tryParse(Object(PhpParser\Parser\Php7), '<?php\n namespac...')
#9 C:\sistema\Exemplos\Sistema-Clinico\vendor\classpreloader\classpreloader\src\ClassPreloader.php(127): PhpParser\Parser\Multiple->parse('<?php\n namespac...')
#10 C:\sistema\Exemplos\Sistema-Clinico\vendor\laravel\framework\src\Illuminate\Foundation\Console\OptimizeCommand.php(83): ClassPreloader\ClassPreloader->getCode('C:\\sistema\\Exem...', false)
#11 C:\sistema\Exemplos\Sistema-Clinico\vendor\laravel\framework\src\Illuminate\Foundation\Console\OptimizeCommand.php(64): Illuminate\Foundation\Console\OptimizeCommand->compileClasses()
#12 [internal function]: Illuminate\Foundation\Console\OptimizeCommand->fire()
#13 C:\sistema\Exemplos\Sistema-Clinico\vendor\laravel\framework\src\Illuminate\Container\Container.php(507): call_user_func_array(Array, Array)
#14 C:\sistema\Exemplos\Sistema-Clinico\vendor\laravel\framework\src\Illuminate\Console\Command.php(169): Illuminate\Container\Container->call(Array)
#15 C:\sistema\Exemplos\Sistema-Clinico\vendor\symfony\console\Command\Command.php(256): Illuminate\Console\Command->execute(Object(Symfony\Component\Console\Input\ArgvInput), Object(Symfony\Component\Console\Output\ConsoleOutput))
#16 C:\sistema\Exemplos\Sistema-Clinico\vendor\laravel\framework\src\Illuminate\Console\Command.php(155): Symfony\Component\Console\Command\Command->run(Object(Symfony\Component\Console\Input\ArgvInput), Object(Symfony\Component\Console\Output\ConsoleOutput))
#17 C:\sistema\Exemplos\Sistema-Clinico\vendor\symfony\console\Application.php(818): Illuminate\Console\Command->run(Object(Symfony\Component\Console\Input\ArgvInput), Object(Symfony\Component\Console\Output\ConsoleOutput))
#18 C:\sistema\Exemplos\Sistema-Clinico\vendor\symfony\console\Application.php(186): Symfony\Component\Console\Application->doRunCommand(Object(Illuminate\Foundation\Console\OptimizeCommand), Object(Symfony\Component\Console\Input\ArgvInput), Object(Symfony\Component\Console\Output\ConsoleOutput))
#19 C:\sistema\Exemplos\Sistema-Clinico\vendor\symfony\console\Application.php(117): Symfony\Component\Console\Application->doRun(Object(Symfony\Component\Console\Input\ArgvInput), Object(Symfony\Component\Console\Output\ConsoleOutput))
#20 C:\sistema\Exemplos\Sistema-Clinico\vendor\laravel\framework\src\Illuminate\Foundation\Console\Kernel.php(122): Symfony\Component\Console\Application->run(Object(Symfony\Component\Console\Input\ArgvInput), Object(Symfony\Component\Console\Output\ConsoleOutput))
#21 C:\sistema\Exemplos\Sistema-Clinico\artisan(35): Illuminate\Foundation\Console\Kernel->handle(Object(Symfony\Component\Console\Input\ArgvInput), Object(Symfony\Component\Console\Output\ConsoleOutput))
#22 {main}  
[2020-08-29 19:14:30] production.ERROR: RuntimeException: The only supported ciphers are AES-128-CBC and AES-256-CBC with the correct key lengths. in C:\sistema\Exemplos\Sistema-Clinico\vendor\laravel\framework\src\Illuminate\Encryption\Encrypter.php:43
Stack trace:
#0 C:\sistema\Exemplos\Sistema-Clinico\vendor\laravel\framework\src\Illuminate\Encryption\EncryptionServiceProvider.php(27): Illuminate\Encryption\Encrypter->__construct('', 'AES-256-CBC')
#1 C:\sistema\Exemplos\Sistema-Clinico\bootstrap\cache\compiled.php(1365): Illuminate\Encryption\EncryptionServiceProvider->Illuminate\Encryption\{closure}(Object(Illuminate\Foundation\Application), Array)
#2 C:\sistema\Exemplos\Sistema-Clinico\bootstrap\cache\compiled.php(1321): Illuminate\Container\Container->build(Object(Closure), Array)
#3 C:\sistema\Exemplos\Sistema-Clinico\bootstrap\cache\compiled.php(1896): Illuminate\Container\Container->make('encrypter', Array)
#4 C:\sistema\Exemplos\Sistema-Clinico\bootstrap\cache\compiled.php(1422): Illuminate\Foundation\Application->make('encrypter')
#5 C:\sistema\Exemplos\Sistema-Clinico\bootstrap\cache\compiled.php(1399): Illuminate\Container\Container->resolveClass(Object(ReflectionParameter))
#6 C:\sistema\Exemplos\Sistema-Clinico\bootstrap\cache\compiled.php(1385): Illuminate\Container\Container->getDependencies(Array, Array)
#7 C:\sistema\Exemplos\Sistema-Clinico\bootstrap\cache\compiled.php(1321): Illuminate\Container\Container->build('App\\Http\\Middle...', Array)
#8 C:\sistema\Exemplos\Sistema-Clinico\bootstrap\cache\compiled.php(1896): Illuminate\Container\Container->make('App\\Http\\Middle...', Array)
#9 C:\sistema\Exemplos\Sistema-Clinico\vendor\laravel\framework\src\Illuminate\Pipeline\Pipeline.php(127): Illuminate\Foundation\Application->make('App\\Http\\Middle...')
#10 C:\sistema\Exemplos\Sistema-Clinico\vendor\laravel\framework\src\Illuminate\Routing\Pipeline.php(33): Illuminate\Pipeline\Pipeline->Illuminate\Pipeline\{closure}(Object(Illuminate\Http\Request))
#11 C:\sistema\Exemplos\Sistema-Clinico\vendor\laravel\framework\src\Illuminate\Pipeline\Pipeline.php(104): Illuminate\Routing\Pipeline->Illuminate\Routing\{closure}(Object(Illuminate\Http\Request))
#12 C:\sistema\Exemplos\Sistema-Clinico\vendor\laravel\framework\src\Illuminate\Routing\Router.php(644): Illuminate\Pipeline\Pipeline->then(Object(Closure))
#13 C:\sistema\Exemplos\Sistema-Clinico\vendor\laravel\framework\src\Illuminate\Routing\Router.php(618): Illuminate\Routing\Router->runRouteWithinStack(Object(Illuminate\Routing\Route), Object(Illuminate\Http\Request))
#14 C:\sistema\Exemplos\Sistema-Clinico\vendor\laravel\framework\src\Illuminate\Routing\Router.php(596): Illuminate\Routing\Router->dispatchToRoute(Object(Illuminate\Http\Request))
#15 C:\sistema\Exemplos\Sistema-Clinico\bootstrap\cache\compiled.php(2446): Illuminate\Routing\Router->dispatch(Object(Illuminate\Http\Request))
#16 C:\sistema\Exemplos\Sistema-Clinico\vendor\laravel\framework\src\Illuminate\Routing\Pipeline.php(53): Illuminate\Foundation\Http\Kernel->Illuminate\Foundation\Http\{closure}(Object(Illuminate\Http\Request))
#17 C:\sistema\Exemplos\Sistema-Clinico\bootstrap\cache\compiled.php(3171): Illuminate\Routing\Pipeline->Illuminate\Routing\{closure}(Object(Illuminate\Http\Request))
#18 C:\sistema\Exemplos\Sistema-Clinico\vendor\laravel\framework\src\Illuminate\Pipeline\Pipeline.php(137): Illuminate\Foundation\Http\Middleware\CheckForMaintenanceMode->handle(Object(Illuminate\Http\Request), Object(Closure))
#19 C:\sistema\Exemplos\Sistema-Clinico\vendor\laravel\framework\src\Illuminate\Routing\Pipeline.php(33): Illuminate\Pipeline\Pipeline->Illuminate\Pipeline\{closure}(Object(Illuminate\Http\Request))
#20 C:\sistema\Exemplos\Sistema-Clinico\vendor\laravel\framework\src\Illuminate\Pipeline\Pipeline.php(104): Illuminate\Routing\Pipeline->Illuminate\Routing\{closure}(Object(Illuminate\Http\Request))
#21 C:\sistema\Exemplos\Sistema-Clinico\bootstrap\cache\compiled.php(2390): Illuminate\Pipeline\Pipeline->then(Object(Closure))
#22 C:\sistema\Exemplos\Sistema-Clinico\bootstrap\cache\compiled.php(2374): Illuminate\Foundation\Http\Kernel->sendRequestThroughRouter(Object(Illuminate\Http\Request))
#23 C:\sistema\Exemplos\Sistema-Clinico\public\index.php(53): Illuminate\Foundation\Http\Kernel->handle(Object(Illuminate\Http\Request))
#24 C:\sistema\Exemplos\Sistema-Clinico\server.php(21): require_once('C:\\sistema\\Exem...')
#25 {main}  
[2020-08-29 19:14:30] production.ERROR: RuntimeException: The only supported ciphers are AES-128-CBC and AES-256-CBC with the correct key lengths. in C:\sistema\Exemplos\Sistema-Clinico\vendor\laravel\framework\src\Illuminate\Encryption\Encrypter.php:43
Stack trace:
#0 C:\sistema\Exemplos\Sistema-Clinico\vendor\laravel\framework\src\Illuminate\Encryption\EncryptionServiceProvider.php(27): Illuminate\Encryption\Encrypter->__construct('', 'AES-256-CBC')
#1 C:\sistema\Exemplos\Sistema-Clinico\bootstrap\cache\compiled.php(1365): Illuminate\Encryption\EncryptionServiceProvider->Illuminate\Encryption\{closure}(Object(Illuminate\Foundation\Application), Array)
#2 C:\sistema\Exemplos\Sistema-Clinico\bootstrap\cache\compiled.php(1321): Illuminate\Container\Container->build(Object(Closure), Array)
#3 C:\sistema\Exemplos\Sistema-Clinico\bootstrap\cache\compiled.php(1896): Illuminate\Container\Container->make('encrypter', Array)
#4 C:\sistema\Exemplos\Sistema-Clinico\bootstrap\cache\compiled.php(1422): Illuminate\Foundation\Application->make('encrypter')
#5 C:\sistema\Exemplos\Sistema-Clinico\bootstrap\cache\compiled.php(1399): Illuminate\Container\Container->resolveClass(Object(ReflectionParameter))
#6 C:\sistema\Exemplos\Sistema-Clinico\bootstrap\cache\compiled.php(1385): Illuminate\Container\Container->getDependencies(Array, Array)
#7 C:\sistema\Exemplos\Sistema-Clinico\bootstrap\cache\compiled.php(1321): Illuminate\Container\Container->build('App\\Http\\Middle...', Array)
#8 C:\sistema\Exemplos\Sistema-Clinico\bootstrap\cache\compiled.php(1896): Illuminate\Container\Container->make('App\\Http\\Middle...', Array)
#9 C:\sistema\Exemplos\Sistema-Clinico\bootstrap\cache\compiled.php(2400): Illuminate\Foundation\Application->make('App\\Http\\Middle...')
#10 C:\sistema\Exemplos\Sistema-Clinico\public\index.php(58): Illuminate\Foundation\Http\Kernel->terminate(Object(Illuminate\Http\Request), Object(Illuminate\Http\Response))
#11 C:\sistema\Exemplos\Sistema-Clinico\server.php(21): require_once('C:\\sistema\\Exem...')
#12 {main}  
[2020-08-29 19:14:39] production.ERROR: RuntimeException: The only supported ciphers are AES-128-CBC and AES-256-CBC with the correct key lengths. in C:\sistema\Exemplos\Sistema-Clinico\vendor\laravel\framework\src\Illuminate\Encryption\Encrypter.php:43
Stack trace:
#0 C:\sistema\Exemplos\Sistema-Clinico\vendor\laravel\framework\src\Illuminate\Encryption\EncryptionServiceProvider.php(27): Illuminate\Encryption\Encrypter->__construct('', 'AES-256-CBC')
#1 C:\sistema\Exemplos\Sistema-Clinico\bootstrap\cache\compiled.php(1365): Illuminate\Encryption\EncryptionServiceProvider->Illuminate\Encryption\{closure}(Object(Illuminate\Foundation\Application), Array)
#2 C:\sistema\Exemplos\Sistema-Clinico\bootstrap\cache\compiled.php(1321): Illuminate\Container\Container->build(Object(Closure), Array)
#3 C:\sistema\Exemplos\Sistema-Clinico\bootstrap\cache\compiled.php(1896): Illuminate\Container\Container->make('encrypter', Array)
#4 C:\sistema\Exemplos\Sistema-Clinico\bootstrap\cache\compiled.php(1422): Illuminate\Foundation\Application->make('encrypter')
#5 C:\sistema\Exemplos\Sistema-Clinico\bootstrap\cache\compiled.php(1399): Illuminate\Container\Container->resolveClass(Object(ReflectionParameter))
#6 C:\sistema\Exemplos\Sistema-Clinico\bootstrap\cache\compiled.php(1385): Illuminate\Container\Container->getDependencies(Array, Array)
#7 C:\sistema\Exemplos\Sistema-Clinico\bootstrap\cache\compiled.php(1321): Illuminate\Container\Container->build('App\\Http\\Middle...', Array)
#8 C:\sistema\Exemplos\Sistema-Clinico\bootstrap\cache\compiled.php(1896): Illuminate\Container\Container->make('App\\Http\\Middle...', Array)
#9 C:\sistema\Exemplos\Sistema-Clinico\vendor\laravel\framework\src\Illuminate\Pipeline\Pipeline.php(127): Illuminate\Foundation\Application->make('App\\Http\\Middle...')
#10 C:\sistema\Exemplos\Sistema-Clinico\vendor\laravel\framework\src\Illuminate\Routing\Pipeline.php(33): Illuminate\Pipeline\Pipeline->Illuminate\Pipeline\{closure}(Object(Illuminate\Http\Request))
#11 C:\sistema\Exemplos\Sistema-Clinico\vendor\laravel\framework\src\Illuminate\Pipeline\Pipeline.php(104): Illuminate\Routing\Pipeline->Illuminate\Routing\{closure}(Object(Illuminate\Http\Request))
#12 C:\sistema\Exemplos\Sistema-Clinico\vendor\laravel\framework\src\Illuminate\Routing\Router.php(644): Illuminate\Pipeline\Pipeline->then(Object(Closure))
#13 C:\sistema\Exemplos\Sistema-Clinico\vendor\laravel\framework\src\Illuminate\Routing\Router.php(618): Illuminate\Routing\Router->runRouteWithinStack(Object(Illuminate\Routing\Route), Object(Illuminate\Http\Request))
#14 C:\sistema\Exemplos\Sistema-Clinico\vendor\laravel\framework\src\Illuminate\Routing\Router.php(596): Illuminate\Routing\Router->dispatchToRoute(Object(Illuminate\Http\Request))
#15 C:\sistema\Exemplos\Sistema-Clinico\bootstrap\cache\compiled.php(2446): Illuminate\Routing\Router->dispatch(Object(Illuminate\Http\Request))
#16 C:\sistema\Exemplos\Sistema-Clinico\vendor\laravel\framework\src\Illuminate\Routing\Pipeline.php(53): Illuminate\Foundation\Http\Kernel->Illuminate\Foundation\Http\{closure}(Object(Illuminate\Http\Request))
#17 C:\sistema\Exemplos\Sistema-Clinico\bootstrap\cache\compiled.php(3171): Illuminate\Routing\Pipeline->Illuminate\Routing\{closure}(Object(Illuminate\Http\Request))
#18 C:\sistema\Exemplos\Sistema-Clinico\vendor\laravel\framework\src\Illuminate\Pipeline\Pipeline.php(137): Illuminate\Foundation\Http\Middleware\CheckForMaintenanceMode->handle(Object(Illuminate\Http\Request), Object(Closure))
#19 C:\sistema\Exemplos\Sistema-Clinico\vendor\laravel\framework\src\Illuminate\Routing\Pipeline.php(33): Illuminate\Pipeline\Pipeline->Illuminate\Pipeline\{closure}(Object(Illuminate\Http\Request))
#20 C:\sistema\Exemplos\Sistema-Clinico\vendor\laravel\framework\src\Illuminate\Pipeline\Pipeline.php(104): Illuminate\Routing\Pipeline->Illuminate\Routing\{closure}(Object(Illuminate\Http\Request))
#21 C:\sistema\Exemplos\Sistema-Clinico\bootstrap\cache\compiled.php(2390): Illuminate\Pipeline\Pipeline->then(Object(Closure))
#22 C:\sistema\Exemplos\Sistema-Clinico\bootstrap\cache\compiled.php(2374): Illuminate\Foundation\Http\Kernel->sendRequestThroughRouter(Object(Illuminate\Http\Request))
#23 C:\sistema\Exemplos\Sistema-Clinico\public\index.php(53): Illuminate\Foundation\Http\Kernel->handle(Object(Illuminate\Http\Request))
#24 C:\sistema\Exemplos\Sistema-Clinico\server.php(21): require_once('C:\\sistema\\Exem...')
#25 {main}  
[2020-08-29 19:14:39] production.ERROR: RuntimeException: The only supported ciphers are AES-128-CBC and AES-256-CBC with the correct key lengths. in C:\sistema\Exemplos\Sistema-Clinico\vendor\laravel\framework\src\Illuminate\Encryption\Encrypter.php:43
Stack trace:
#0 C:\sistema\Exemplos\Sistema-Clinico\vendor\laravel\framework\src\Illuminate\Encryption\EncryptionServiceProvider.php(27): Illuminate\Encryption\Encrypter->__construct('', 'AES-256-CBC')
#1 C:\sistema\Exemplos\Sistema-Clinico\bootstrap\cache\compiled.php(1365): Illuminate\Encryption\EncryptionServiceProvider->Illuminate\Encryption\{closure}(Object(Illuminate\Foundation\Application), Array)
#2 C:\sistema\Exemplos\Sistema-Clinico\bootstrap\cache\compiled.php(1321): Illuminate\Container\Container->build(Object(Closure), Array)
#3 C:\sistema\Exemplos\Sistema-Clinico\bootstrap\cache\compiled.php(1896): Illuminate\Container\Container->make('encrypter', Array)
#4 C:\sistema\Exemplos\Sistema-Clinico\bootstrap\cache\compiled.php(1422): Illuminate\Foundation\Application->make('encrypter')
#5 C:\sistema\Exemplos\Sistema-Clinico\bootstrap\cache\compiled.php(1399): Illuminate\Container\Container->resolveClass(Object(ReflectionParameter))
#6 C:\sistema\Exemplos\Sistema-Clinico\bootstrap\cache\compiled.php(1385): Illuminate\Container\Container->getDependencies(Array, Array)
#7 C:\sistema\Exemplos\Sistema-Clinico\bootstrap\cache\compiled.php(1321): Illuminate\Container\Container->build('App\\Http\\Middle...', Array)
#8 C:\sistema\Exemplos\Sistema-Clinico\bootstrap\cache\compiled.php(1896): Illuminate\Container\Container->make('App\\Http\\Middle...', Array)
#9 C:\sistema\Exemplos\Sistema-Clinico\bootstrap\cache\compiled.php(2400): Illuminate\Foundation\Application->make('App\\Http\\Middle...')
#10 C:\sistema\Exemplos\Sistema-Clinico\public\index.php(58): Illuminate\Foundation\Http\Kernel->terminate(Object(Illuminate\Http\Request), Object(Illuminate\Http\Response))
#11 C:\sistema\Exemplos\Sistema-Clinico\server.php(21): require_once('C:\\sistema\\Exem...')
#12 {main}  
[2020-08-29 19:14:41] production.ERROR: RuntimeException: The only supported ciphers are AES-128-CBC and AES-256-CBC with the correct key lengths. in C:\sistema\Exemplos\Sistema-Clinico\vendor\laravel\framework\src\Illuminate\Encryption\Encrypter.php:43
Stack trace:
#0 C:\sistema\Exemplos\Sistema-Clinico\vendor\laravel\framework\src\Illuminate\Encryption\EncryptionServiceProvider.php(27): Illuminate\Encryption\Encrypter->__construct('', 'AES-256-CBC')
#1 C:\sistema\Exemplos\Sistema-Clinico\bootstrap\cache\compiled.php(1365): Illuminate\Encryption\EncryptionServiceProvider->Illuminate\Encryption\{closure}(Object(Illuminate\Foundation\Application), Array)
#2 C:\sistema\Exemplos\Sistema-Clinico\bootstrap\cache\compiled.php(1321): Illuminate\Container\Container->build(Object(Closure), Array)
#3 C:\sistema\Exemplos\Sistema-Clinico\bootstrap\cache\compiled.php(1896): Illuminate\Container\Container->make('encrypter', Array)
#4 C:\sistema\Exemplos\Sistema-Clinico\bootstrap\cache\compiled.php(1422): Illuminate\Foundation\Application->make('encrypter')
#5 C:\sistema\Exemplos\Sistema-Clinico\bootstrap\cache\compiled.php(1399): Illuminate\Container\Container->resolveClass(Object(ReflectionParameter))
#6 C:\sistema\Exemplos\Sistema-Clinico\bootstrap\cache\compiled.php(1385): Illuminate\Container\Container->getDependencies(Array, Array)
#7 C:\sistema\Exemplos\Sistema-Clinico\bootstrap\cache\compiled.php(1321): Illuminate\Container\Container->build('App\\Http\\Middle...', Array)
#8 C:\sistema\Exemplos\Sistema-Clinico\bootstrap\cache\compiled.php(1896): Illuminate\Container\Container->make('App\\Http\\Middle...', Array)
#9 C:\sistema\Exemplos\Sistema-Clinico\vendor\laravel\framework\src\Illuminate\Pipeline\Pipeline.php(127): Illuminate\Foundation\Application->make('App\\Http\\Middle...')
#10 C:\sistema\Exemplos\Sistema-Clinico\vendor\laravel\framework\src\Illuminate\Routing\Pipeline.php(33): Illuminate\Pipeline\Pipeline->Illuminate\Pipeline\{closure}(Object(Illuminate\Http\Request))
#11 C:\sistema\Exemplos\Sistema-Clinico\vendor\laravel\framework\src\Illuminate\Pipeline\Pipeline.php(104): Illuminate\Routing\Pipeline->Illuminate\Routing\{closure}(Object(Illuminate\Http\Request))
#12 C:\sistema\Exemplos\Sistema-Clinico\vendor\laravel\framework\src\Illuminate\Routing\Router.php(644): Illuminate\Pipeline\Pipeline->then(Object(Closure))
#13 C:\sistema\Exemplos\Sistema-Clinico\vendor\laravel\framework\src\Illuminate\Routing\Router.php(618): Illuminate\Routing\Router->runRouteWithinStack(Object(Illuminate\Routing\Route), Object(Illuminate\Http\Request))
#14 C:\sistema\Exemplos\Sistema-Clinico\vendor\laravel\framework\src\Illuminate\Routing\Router.php(596): Illuminate\Routing\Router->dispatchToRoute(Object(Illuminate\Http\Request))
#15 C:\sistema\Exemplos\Sistema-Clinico\bootstrap\cache\compiled.php(2446): Illuminate\Routing\Router->dispatch(Object(Illuminate\Http\Request))
#16 C:\sistema\Exemplos\Sistema-Clinico\vendor\laravel\framework\src\Illuminate\Routing\Pipeline.php(53): Illuminate\Foundation\Http\Kernel->Illuminate\Foundation\Http\{closure}(Object(Illuminate\Http\Request))
#17 C:\sistema\Exemplos\Sistema-Clinico\bootstrap\cache\compiled.php(3171): Illuminate\Routing\Pipeline->Illuminate\Routing\{closure}(Object(Illuminate\Http\Request))
#18 C:\sistema\Exemplos\Sistema-Clinico\vendor\laravel\framework\src\Illuminate\Pipeline\Pipeline.php(137): Illuminate\Foundation\Http\Middleware\CheckForMaintenanceMode->handle(Object(Illuminate\Http\Request), Object(Closure))
#19 C:\sistema\Exemplos\Sistema-Clinico\vendor\laravel\framework\src\Illuminate\Routing\Pipeline.php(33): Illuminate\Pipeline\Pipeline->Illuminate\Pipeline\{closure}(Object(Illuminate\Http\Request))
#20 C:\sistema\Exemplos\Sistema-Clinico\vendor\laravel\framework\src\Illuminate\Pipeline\Pipeline.php(104): Illuminate\Routing\Pipeline->Illuminate\Routing\{closure}(Object(Illuminate\Http\Request))
#21 C:\sistema\Exemplos\Sistema-Clinico\bootstrap\cache\compiled.php(2390): Illuminate\Pipeline\Pipeline->then(Object(Closure))
#22 C:\sistema\Exemplos\Sistema-Clinico\bootstrap\cache\compiled.php(2374): Illuminate\Foundation\Http\Kernel->sendRequestThroughRouter(Object(Illuminate\Http\Request))
#23 C:\sistema\Exemplos\Sistema-Clinico\public\index.php(53): Illuminate\Foundation\Http\Kernel->handle(Object(Illuminate\Http\Request))
#24 C:\sistema\Exemplos\Sistema-Clinico\server.php(21): require_once('C:\\sistema\\Exem...')
#25 {main}  
[2020-08-29 19:14:41] production.ERROR: RuntimeException: The only supported ciphers are AES-128-CBC and AES-256-CBC with the correct key lengths. in C:\sistema\Exemplos\Sistema-Clinico\vendor\laravel\framework\src\Illuminate\Encryption\Encrypter.php:43
Stack trace:
#0 C:\sistema\Exemplos\Sistema-Clinico\vendor\laravel\framework\src\Illuminate\Encryption\EncryptionServiceProvider.php(27): Illuminate\Encryption\Encrypter->__construct('', 'AES-256-CBC')
#1 C:\sistema\Exemplos\Sistema-Clinico\bootstrap\cache\compiled.php(1365): Illuminate\Encryption\EncryptionServiceProvider->Illuminate\Encryption\{closure}(Object(Illuminate\Foundation\Application), Array)
#2 C:\sistema\Exemplos\Sistema-Clinico\bootstrap\cache\compiled.php(1321): Illuminate\Container\Container->build(Object(Closure), Array)
#3 C:\sistema\Exemplos\Sistema-Clinico\bootstrap\cache\compiled.php(1896): Illuminate\Container\Container->make('encrypter', Array)
#4 C:\sistema\Exemplos\Sistema-Clinico\bootstrap\cache\compiled.php(1422): Illuminate\Foundation\Application->make('encrypter')
#5 C:\sistema\Exemplos\Sistema-Clinico\bootstrap\cache\compiled.php(1399): Illuminate\Container\Container->resolveClass(Object(ReflectionParameter))
#6 C:\sistema\Exemplos\Sistema-Clinico\bootstrap\cache\compiled.php(1385): Illuminate\Container\Container->getDependencies(Array, Array)
#7 C:\sistema\Exemplos\Sistema-Clinico\bootstrap\cache\compiled.php(1321): Illuminate\Container\Container->build('App\\Http\\Middle...', Array)
#8 C:\sistema\Exemplos\Sistema-Clinico\bootstrap\cache\compiled.php(1896): Illuminate\Container\Container->make('App\\Http\\Middle...', Array)
#9 C:\sistema\Exemplos\Sistema-Clinico\bootstrap\cache\compiled.php(2400): Illuminate\Foundation\Application->make('App\\Http\\Middle...')
#10 C:\sistema\Exemplos\Sistema-Clinico\public\index.php(58): Illuminate\Foundation\Http\Kernel->terminate(Object(Illuminate\Http\Request), Object(Illuminate\Http\Response))
#11 C:\sistema\Exemplos\Sistema-Clinico\server.php(21): require_once('C:\\sistema\\Exem...')
#12 {main}  
